0 info it worked if it ends with ok
1 verbose cli [ 'F:\\ruanjian\\nodejs\\node.exe',
1 verbose cli   'F:\\ruanjian\\nodejs\\node_modules\\npm\\bin\\npm-cli.js',
1 verbose cli   'run',
1 verbose cli   'dev' ]
2 info using npm@3.3.12
3 info using node@v5.1.0
4 verbose run-script [ 'predev', 'dev', 'postdev' ]
5 info lifecycle vue-sui-demo@0.1.5~predev: vue-sui-demo@0.1.5
6 silly lifecycle vue-sui-demo@0.1.5~predev: no script for predev, continuing
7 info lifecycle vue-sui-demo@0.1.5~dev: vue-sui-demo@0.1.5
8 verbose lifecycle vue-sui-demo@0.1.5~dev: unsafe-perm in lifecycle true
9 verbose lifecycle vue-sui-demo@0.1.5~dev: PATH: F:\ruanjian\nodejs\node_modules\npm\bin\node-gyp-bin;F:\vue\node_modules\.bin;C:\Ruby23\bin;F:\paper\jdk1.6.0_18\bin;F:\paper\jdk1.6.0_18\jre\bin;C:\Windows\system32;C:\Windows;C:\Windows\system32\wbem;D:\Program Files\91KBOX\bin;C:\Program Files\Microsoft SQL Server\100\Tools\Binn\;C:\Program Files\Microsoft SQL Server\100\DTS\Binn\;C:\Program Files\Microsoft SQL Server\80\Tools\Binn\;C:\Program Files\Microsoft SQL Server\90\DTS\Binn\;C:\Program Files\Microsoft SQL Server\90\Tools\binn\;C:\Program Files\Microsoft SQL Server\90\Tools\Binn\VSShell\Common7\IDE\;C:\Program Files\Microsoft Visual Studio 8\Common7\IDE\PrivateAssemblies\;F:\ruanjian\MySQL\binF:\ruanjian\apache-tomcat-7.0.64\lib;F:\ruanjian\apache-tomcat-7.0.64\lib\servlet-api.jar;F:\ruanjian\apache-tomcat-7.0.64\lib\jsp-api.jarF:\paper\jdk1.6.0_18\bin ;F:\ruanjian\nodejs\;E:\迅雷下载\Git\bin;E:\;雷下载\Git\cmd;E:;bin\win32;F:\ruanjian\common;C:\Program Files\TortoiseSVN\bin;F:\tleshop\MySQL Server 5.5\bin;F:\paper\jdk1.6.0_18\bin;F:\paper\jdk1.6.0_18\jre\bin;C:\Users\lenovo\AppData\Roaming\npm
10 verbose lifecycle vue-sui-demo@0.1.5~dev: CWD: F:\vue
11 silly lifecycle vue-sui-demo@0.1.5~dev: Args: [ '/d /s /c', 'node build/dev-server.js' ]
12 silly lifecycle vue-sui-demo@0.1.5~dev: Returned: code: 1  signal: null
13 info lifecycle vue-sui-demo@0.1.5~dev: Failed to exec dev script
14 verbose stack Error: vue-sui-demo@0.1.5 dev: `node build/dev-server.js`
14 verbose stack Exit status 1
14 verbose stack     at EventEmitter.<anonymous> (F:\ruanjian\nodejs\node_modules\npm\lib\utils\lifecycle.js:232:16)
14 verbose stack     at emitTwo (events.js:87:13)
14 verbose stack     at EventEmitter.emit (events.js:172:7)
14 verbose stack     at ChildProcess.<anonymous> (F:\ruanjian\nodejs\node_modules\npm\lib\utils\spawn.js:24:14)
14 verbose stack     at emitTwo (events.js:87:13)
14 verbose stack     at ChildProcess.emit (events.js:172:7)
14 verbose stack     at maybeClose (internal/child_process.js:818:16)
14 verbose stack     at Process.ChildProcess._handle.onexit (internal/child_process.js:211:5)
15 verbose pkgid vue-sui-demo@0.1.5
16 verbose cwd F:\vue
17 error Windows_NT 6.1.7600
18 error argv "F:\\ruanjian\\nodejs\\node.exe" "F:\\ruanjian\\nodejs\\node_modules\\npm\\bin\\npm-cli.js" "run" "dev"
19 error node v5.1.0
20 error npm  v3.3.12
21 error code ELIFECYCLE
22 error vue-sui-demo@0.1.5 dev: `node build/dev-server.js`
22 error Exit status 1
23 error Failed at the vue-sui-demo@0.1.5 dev script 'node build/dev-server.js'.
23 error Make sure you have the latest version of node.js and npm installed.
23 error If you do, this is most likely a problem with the vue-sui-demo package,
23 error not with npm itself.
23 error Tell the author that this fails on your system:
23 error     node build/dev-server.js
23 error You can get their info via:
23 error     npm owner ls vue-sui-demo
23 error There is likely additional logging output above.
24 verbose exit [ 1, true ]
